3552
0 0 0 11
1 0 1 11
3 0 3 11
4 0 4 11
5 0 5 11
6 0 6 11
7 0 7 11
8 0 8 11
10 0 10 11
11 0 11 11
12 0 12 11
13 0 13 11
14 0 14 11
15 0 15 11
16 0 16 11
17 0 17 11
18 0 18 11
19 0 19 11
20 0 20 11
21 0 21 11
22 0 22 11
23 0 23 11
24 0 24 11
25 0 25 11
26 0 26 11
27 0 27 11
28 0 28 11
29 0 29 11
30 0 30 11
31 0 31 11
32 0 32 11
33 0 33 11
35 0 35 11
36 0 36 11
37 0 37 11
38 0 38 11
41 0 41 11
42 0 42 11
43 0 43 11
44 0 44 11
45 0 45 11
47 0 47 11
49 0 49 11
50 0 50 11
51 0 51 11
52 0 52 11
53 0 53 11
54 0 54 11
55 0 55 11
56 0 56 11
57 0 57 11
58 0 58 11
59 0 59 11
61 0 61 11
62 0 62 11
64 0 64 11
65 0 65 11
66 0 66 11
67 0 67 11
68 0 68 11
69 0 69 11
70 0 70 11
71 0 71 11
72 0 72 11
73 0 73 11
74 0 74 11
75 0 75 11
76 0 76 11
77 0 77 11
78 0 78 11
79 0 79 11
80 0 80 11
81 0 81 11
82 0 82 11
83 0 83 11
84 0 84 11
86 0 86 11
87 0 87 11
88 0 88 11
89 0 89 11
90 0 90 11
91 0 91 11
92 0 92 11
93 0 93 11
94 0 94 11
95 0 95 11
96 0 96 11
98 0 98 11
99 0 99 11
100 0 100 11
101 0 101 11
102 0 102 11
103 0 103 11
105 0 105 11
106 0 106 11
107 0 107 11
108 0 108 11
109 0 109 11
110 0 110 11
112 0 112 11
113 0 113 11
114 0 114 11
115 0 115 11
117 0 117 11
118 0 118 11
120 0 120 11
121 0 121 11
124 0 124 11
125 0 125 11
127 0 127 11
128 0 128 11
130 0 130 11
131 0 131 11
132 0 132 11
135 0 135 11
136 0 136 11
137 0 137 11
138 0 138 11
139 0 139 11
140 0 140 11
141 0 141 11
142 0 142 11
143 0 143 11
144 0 144 11
145 0 145 11
146 0 146 11
147 0 147 11
148 0 148 11
149 0 149 11
151 0 151 11
152 0 152 11
153 0 153 11
154 0 154 11
157 0 157 11
158 0 158 11
160 0 160 11
161 0 161 11
162 0 162 11
163 0 163 11
165 0 165 11
166 0 166 11
168 0 168 11
169 0 169 11
170 0 170 11
171 0 171 11
172 0 172 11
173 0 173 11
174 0 174 11
175 0 175 11
176 0 176 11
177 0 177 11
178 0 178 11
179 0 179 11
180 0 180 11
181 0 181 11
182 0 182 11
183 0 183 11
185 0 185 11
186 0 186 11
187 0 187 11
188 0 188 11
189 0 189 11
190 0 190 11
191 0 191 11
192 0 192 11
193 0 193 11
194 0 194 11
195 0 195 11
197 0 197 11
198 0 198 11
0 12 0 23
1 12 1 23
2 12 2 23
3 12 3 23
4 12 4 23
5 12 5 23
6 12 6 23
7 12 7 23
8 12 8 23
9 12 9 23
10 12 10 23
11 12 11 23
12 12 12 23
13 12 13 23
14 12 14 23
15 12 15 23
16 12 16 23
17 12 17 23
18 12 18 23
19 12 19 23
20 12 20 23
21 12 21 23
22 12 22 23
23 12 23 23
24 12 24 23
25 12 25 23
26 12 26 23
27 12 27 23
28 12 28 23
29 12 29 23
30 12 30 23
31 12 31 23
32 12 32 23
33 12 33 23
35 12 35 23
36 12 36 23
37 12 37 23
38 12 38 23
39 12 39 23
40 12 40 23
41 12 41 23
43 12 43 23
44 12 44 23
45 12 45 23
46 12 46 23
47 12 47 23
48 12 48 23
49 12 49 23
50 12 50 23
51 12 51 23
52 12 52 23
53 12 53 23
54 12 54 23
55 12 55 23
56 12 56 23
58 12 58 23
59 12 59 23
60 12 60 23
61 12 61 23
62 12 62 23
63 12 63 23
64 12 64 23
66 12 66 23
67 12 67 23
68 12 68 23
69 12 69 23
70 12 70 23
71 12 71 23
72 12 72 23
73 12 73 23
74 12 74 23
75 12 75 23
76 12 76 23
77 12 77 23
78 12 78 23
79 12 79 23
80 12 80 23
81 12 81 23
82 12 82 23
83 12 83 23
84 12 84 23
85 12 85 23
86 12 86 23
88 12 88 23
91 12 91 23
92 12 92 23
93 12 93 23
94 12 94 23
95 12 95 23
96 12 96 23
97 12 97 23
98 12 98 23
99 12 99 23
100 12 100 23
101 12 101 23
102 12 102 23
103 12 103 23
104 12 104 23
105 12 105 23
106 12 106 23
107 12 107 23
108 12 108 23
109 12 109 23
110 12 110 23
111 12 111 23
114 12 114 23
115 12 115 23
117 12 117 23
118 12 118 23
119 12 119 23
120 12 120 23
121 12 121 23
122 12 122 23
123 12 123 23
125 12 125 23
126 12 126 23
127 12 127 23
128 12 128 23
133 12 133 23
134 12 134 23
135 12 135 23
137 12 137 23
138 12 138 23
139 12 139 23
140 12 140 23
141 12 141 23
142 12 142 23
143 12 143 23
144 12 144 23
146 12 146 23
148 12 148 23
150 12 150 23
152 12 152 23
153 12 153 23
155 12 155 23
156 12 156 23
157 12 157 23
158 12 158 23
159 12 159 23
161 12 161 23
162 12 162 23
163 12 163 23
164 12 164 23
165 12 165 23
166 12 166 23
167 12 167 23
168 12 168 23
169 12 169 23
170 12 170 23
171 12 171 23
172 12 172 23
173 12 173 23
174 12 174 23
175 12 175 23
176 12 176 23
178 12 178 23
179 12 179 23
180 12 180 23
181 12 181 23
182 12 182 23
183 12 183 23
184 12 184 23
185 12 185 23
186 12 186 23
187 12 187 23
188 12 188 23
189 12 189 23
190 12 190 23
192 12 192 23
193 12 193 23
194 12 194 23
195 12 195 23
197 12 197 23
199 12 199 23
0 24 0 35
1 24 1 35
2 24 2 35
3 24 3 35
4 24 4 35
5 24 5 35
6 24 6 35
7 24 7 35
8 24 8 35
9 24 9 35
10 24 10 35
11 24 11 35
12 24 12 35
13 24 13 35
14 24 14 35
15 24 15 35
16 24 16 35
17 24 17 35
18 24 18 35
19 24 19 35
20 24 20 35
21 24 21 35
22 24 22 35
23 24 23 35
24 24 24 35
25 24 25 35
26 24 26 35
28 24 28 35
29 24 29 35
32 24 32 35
34 24 34 35
35 24 35 35
36 24 36 35
37 24 37 35
38 24 38 35
39 24 39 35
40 24 40 35
41 24 41 35
42 24 42 35
43 24 43 35
44 24 44 35
45 24 45 35
46 24 46 35
47 24 47 35
48 24 48 35
49 24 49 35
50 24 50 35
51 24 51 35
52 24 52 35
53 24 53 35
54 24 54 35
55 24 55 35
57 24 57 35
58 24 58 35
59 24 59 35
60 24 60 35
62 24 62 35
63 24 63 35
65 24 65 35
66 24 66 35
67 24 67 35
68 24 68 35
69 24 69 35
70 24 70 35
71 24 71 35
72 24 72 35
73 24 73 35
74 24 74 35
75 24 75 35
76 24 76 35
77 24 77 35
78 24 78 35
79 24 79 35
80 24 80 35
81 24 81 35
82 24 82 35
83 24 83 35
85 24 85 35
86 24 86 35
87 24 87 35
89 24 89 35
90 24 90 35
91 24 91 35
92 24 92 35
93 24 93 35
95 24 95 35
96 24 96 35
97 24 97 35
98 24 98 35
99 24 99 35
100 24 100 35
101 24 101 35
103 24 103 35
104 24 104 35
105 24 105 35
106 24 106 35
107 24 107 35
109 24 109 35
110 24 110 35
111 24 111 35
113 24 113 35
114 24 114 35
115 24 115 35
118 24 118 35
119 24 119 35
120 24 120 35
123 24 123 35
124 24 124 35
125 24 125 35
126 24 126 35
127 24 127 35
128 24 128 35
129 24 129 35
130 24 130 35
131 24 131 35
132 24 132 35
133 24 133 35
134 24 134 35
135 24 135 35
136 24 136 35
137 24 137 35
139 24 139 35
140 24 140 35
141 24 141 35
142 24 142 35
143 24 143 35
144 24 144 35
145 24 145 35
146 24 146 35
147 24 147 35
148 24 148 35
149 24 149 35
150 24 150 35
151 24 151 35
152 24 152 35
153 24 153 35
155 24 155 35
156 24 156 35
157 24 157 35
158 24 158 35
159 24 159 35
160 24 160 35
161 24 161 35
162 24 162 35
164 24 164 35
165 24 165 35
166 24 166 35
167 24 167 35
168 24 168 35
169 24 169 35
170 24 170 35
171 24 171 35
172 24 172 35
173 24 173 35
174 24 174 35
175 24 175 35
176 24 176 35
178 24 178 35
179 24 179 35
180 24 180 35
181 24 181 35
182 24 182 35
183 24 183 35
184 24 184 35
185 24 185 35
186 24 186 35
187 24 187 35
188 24 188 35
189 24 189 35
191 24 191 35
192 24 192 35
193 24 193 35
194 24 194 35
195 24 195 35
196 24 196 35
198 24 198 35
199 24 199 35
0 36 0 47
1 36 1 47
2 36 2 47
3 36 3 47
4 36 4 47
5 36 5 47
6 36 6 47
7 36 7 47
8 36 8 47
10 36 10 47
11 36 11 47
13 36 13 47
14 36 14 47
15 36 15 47
16 36 16 47
17 36 17 47
18 36 18 47
19 36 19 47
21 36 21 47
22 36 22 47
23 36 23 47
24 36 24 47
25 36 25 47
26 36 26 47
27 36 27 47
28 36 28 47
29 36 29 47
30 36 30 47
31 36 31 47
32 36 32 47
33 36 33 47
34 36 34 47
35 36 35 47
36 36 36 47
37 36 37 47
38 36 38 47
39 36 39 47
40 36 40 47
41 36 41 47
43 36 43 47
44 36 44 47
45 36 45 47
46 36 46 47
47 36 47 47
48 36 48 47
50 36 50 47
51 36 51 47
53 36 53 47
54 36 54 47
55 36 55 47
56 36 56 47
57 36 57 47
58 36 58 47
59 36 59 47
60 36 60 47
61 36 61 47
62 36 62 47
63 36 63 47
64 36 64 47
65 36 65 47
66 36 66 47
67 36 67 47
69 36 69 47
70 36 70 47
71 36 71 47
74 36 74 47
76 36 76 47
77 36 77 47
78 36 78 47
79 36 79 47
80 36 80 47
81 36 81 47
82 36 82 47
83 36 83 47
84 36 84 47
85 36 85 47
86 36 86 47
87 36 87 47
88 36 88 47
89 36 89 47
90 36 90 47
91 36 91 47
92 36 92 47
93 36 93 47
94 36 94 47
95 36 95 47
97 36 97 47
98 36 98 47
99 36 99 47
100 36 100 47
101 36 101 47
102 36 102 47
103 36 103 47
104 36 104 47
105 36 105 47
106 36 106 47
107 36 107 47
108 36 108 47
109 36 109 47
110 36 110 47
111 36 111 47
112 36 112 47
114 36 114 47
115 36 115 47
116 36 116 47
117 36 117 47
119 36 119 47
120 36 120 47
121 36 121 47
122 36 122 47
123 36 123 47
124 36 124 47
125 36 125 47
126 36 126 47
128 36 128 47
130 36 130 47
131 36 131 47
132 36 132 47
133 36 133 47
134 36 134 47
137 36 137 47
138 36 138 47
139 36 139 47
140 36 140 47
141 36 141 47
142 36 142 47
143 36 143 47
144 36 144 47
145 36 145 47
146 36 146 47
147 36 147 47
148 36 148 47
150 36 150 47
151 36 151 47
153 36 153 47
154 36 154 47
155 36 155 47
156 36 156 47
157 36 157 47
158 36 158 47
159 36 159 47
160 36 160 47
161 36 161 47
162 36 162 47
163 36 163 47
164 36 164 47
165 36 165 47
167 36 167 47
168 36 168 47
169 36 169 47
171 36 171 47
172 36 172 47
173 36 173 47
174 36 174 47
175 36 175 47
176 36 176 47
177 36 177 47
178 36 178 47
179 36 179 47
180 36 180 47
181 36 181 47
182 36 182 47
183 36 183 47
184 36 184 47
185 36 185 47
187 36 187 47
188 36 188 47
189 36 189 47
190 36 190 47
191 36 191 47
193 36 193 47
195 36 195 47
196 36 196 47
197 36 197 47
199 36 199 47
0 48 0 59
1 48 1 59
2 48 2 59
3 48 3 59
4 48 4 59
5 48 5 59
6 48 6 59
7 48 7 59
8 48 8 59
9 48 9 59
10 48 10 59
11 48 11 59
13 48 13 59
14 48 14 59
15 48 15 59
16 48 16 59
17 48 17 59
18 48 18 59
19 48 19 59
20 48 20 59
21 48 21 59
22 48 22 59
23 48 23 59
24 48 24 59
25 48 25 59
26 48 26 59
28 48 28 59
32 48 32 59
33 48 33 59
34 48 34 59
35 48 35 59
36 48 36 59
38 48 38 59
39 48 39 59
40 48 40 59
41 48 41 59
42 48 42 59
43 48 43 59
44 48 44 59
45 48 45 59
47 48 47 59
48 48 48 59
50 48 50 59
51 48 51 59
52 48 52 59
54 48 54 59
55 48 55 59
56 48 56 59
57 48 57 59
58 48 58 59
59 48 59 59
60 48 60 59
61 48 61 59
62 48 62 59
63 48 63 59
64 48 64 59
65 48 65 59
67 48 67 59
68 48 68 59
69 48 69 59
70 48 70 59
71 48 71 59
72 48 72 59
74 48 74 59
75 48 75 59
77 48 77 59
78 48 78 59
79 48 79 59
80 48 80 59
81 48 81 59
82 48 82 59
83 48 83 59
84 48 84 59
85 48 85 59
86 48 86 59
87 48 87 59
88 48 88 59
90 48 90 59
91 48 91 59
92 48 92 59
93 48 93 59
94 48 94 59
95 48 95 59
96 48 96 59
97 48 97 59
98 48 98 59
99 48 99 59
100 48 100 59
101 48 101 59
102 48 102 59
103 48 103 59
104 48 104 59
105 48 105 59
106 48 106 59
107 48 107 59
108 48 108 59
109 48 109 59
110 48 110 59
111 48 111 59
112 48 112 59
113 48 113 59
114 48 114 59
115 48 115 59
116 48 116 59
117 48 117 59
118 48 118 59
119 48 119 59
120 48 120 59
122 48 122 59
123 48 123 59
124 48 124 59
126 48 126 59
127 48 127 59
128 48 128 59
129 48 129 59
130 48 130 59
131 48 131 59
132 48 132 59
133 48 133 59
135 48 135 59
137 48 137 59
138 48 138 59
139 48 139 59
141 48 141 59
143 48 143 59
145 48 145 59
146 48 146 59
148 48 148 59
149 48 149 59
150 48 150 59
151 48 151 59
152 48 152 59
153 48 153 59
154 48 154 59
155 48 155 59
156 48 156 59
157 48 157 59
158 48 158 59
159 48 159 59
160 48 160 59
161 48 161 59
162 48 162 59
164 48 164 59
165 48 165 59
166 48 166 59
167 48 167 59
170 48 170 59
171 48 171 59
172 48 172 59
173 48 173 59
174 48 174 59
175 48 175 59
176 48 176 59
177 48 177 59
178 48 178 59
179 48 179 59
180 48 180 59
181 48 181 59
183 48 183 59
184 48 184 59
185 48 185 59
186 48 186 59
187 48 187 59
188 48 188 59
189 48 189 59
190 48 190 59
191 48 191 59
192 48 192 59
193 48 193 59
194 48 194 59
195 48 195 59
196 48 196 59
199 48 199 59
0 60 0 71
1 60 1 71
2 60 2 71
3 60 3 71
4 60 4 71
5 60 5 71
7 60 7 71
8 60 8 71
10 60 10 71
11 60 11 71
12 60 12 71
13 60 13 71
14 60 14 71
15 60 15 71
16 60 16 71
17 60 17 71
18 60 18 71
19 60 19 71
20 60 20 71
21 60 21 71
22 60 22 71
23 60 23 71
24 60 24 71
25 60 25 71
26 60 26 71
27 60 27 71
28 60 28 71
29 60 29 71
30 60 30 71
31 60 31 71
32 60 32 71
34 60 34 71
35 60 35 71
36 60 36 71
37 60 37 71
38 60 38 71
39 60 39 71
40 60 40 71
41 60 41 71
42 60 42 71
44 60 44 71
45 60 45 71
46 60 46 71
47 60 47 71
50 60 50 71
52 60 52 71
53 60 53 71
56 60 56 71
57 60 57 71
58 60 58 71
59 60 59 71
60 60 60 71
61 60 61 71
62 60 62 71
63 60 63 71
67 60 67 71
68 60 68 71
69 60 69 71
70 60 70 71
71 60 71 71
72 60 72 71
74 60 74 71
75 60 75 71
76 60 76 71
77 60 77 71
78 60 78 71
79 60 79 71
81 60 81 71
82 60 82 71
83 60 83 71
85 60 85 71
87 60 87 71
88 60 88 71
89 60 89 71
90 60 90 71
91 60 91 71
92 60 92 71
93 60 93 71
94 60 94 71
95 60 95 71
97 60 97 71
98 60 98 71
99 60 99 71
100 60 100 71
101 60 101 71
103 60 103 71
105 60 105 71
107 60 107 71
108 60 108 71
109 60 109 71
111 60 111 71
112 60 112 71
113 60 113 71
114 60 114 71
115 60 115 71
116 60 116 71
117 60 117 71
118 60 118 71
119 60 119 71
120 60 120 71
121 60 121 71
122 60 122 71
123 60 123 71
124 60 124 71
126 60 126 71
127 60 127 71
128 60 128 71
129 60 129 71
130 60 130 71
131 60 131 71
132 60 132 71
133 60 133 71
134 60 134 71
135 60 135 71
136 60 136 71
137 60 137 71
138 60 138 71
140 60 140 71
141 60 141 71
142 60 142 71
144 60 144 71
145 60 145 71
146 60 146 71
147 60 147 71
148 60 148 71
149 60 149 71
150 60 150 71
151 60 151 71
152 60 152 71
153 60 153 71
155 60 155 71
156 60 156 71
157 60 157 71
159 60 159 71
160 60 160 71
161 60 161 71
162 60 162 71
165 60 165 71
166 60 166 71
167 60 167 71
169 60 169 71
170 60 170 71
171 60 171 71
172 60 172 71
173 60 173 71
174 60 174 71
175 60 175 71
176 60 176 71
177 60 177 71
178 60 178 71
179 60 179 71
180 60 180 71
181 60 181 71
182 60 182 71
183 60 183 71
184 60 184 71
185 60 185 71
186 60 186 71
187 60 187 71
188 60 188 71
189 60 189 71
190 60 190 71
191 60 191 71
192 60 192 71
193 60 193 71
194 60 194 71
195 60 195 71
196 60 196 71
197 60 197 71
198 60 198 71
199 60 199 71
0 72 0 83
1 72 1 83
2 72 2 83
3 72 3 83
4 72 4 83
5 72 5 83
6 72 6 83
7 72 7 83
8 72 8 83
9 72 9 83
10 72 10 83
11 72 11 83
12 72 12 83
13 72 13 83
14 72 14 83
15 72 15 83
16 72 16 83
17 72 17 83
18 72 18 83
19 72 19 83
20 72 20 83
21 72 21 83
22 72 22 83
23 72 23 83
24 72 24 83
25 72 25 83
26 72 26 83
28 72 28 83
29 72 29 83
30 72 30 83
31 72 31 83
33 72 33 83
34 72 34 83
35 72 35 83
36 72 36 83
37 72 37 83
38 72 38 83
40 72 40 83
41 72 41 83
42 72 42 83
43 72 43 83
44 72 44 83
45 72 45 83
46 72 46 83
47 72 47 83
48 72 48 83
49 72 49 83
50 72 50 83
51 72 51 83
52 72 52 83
53 72 53 83
54 72 54 83
56 72 56 83
57 72 57 83
58 72 58 83
59 72 59 83
60 72 60 83
61 72 61 83
63 72 63 83
65 72 65 83
66 72 66 83
67 72 67 83
68 72 68 83
69 72 69 83
70 72 70 83
71 72 71 83
72 72 72 83
73 72 73 83
74 72 74 83
75 72 75 83
76 72 76 83
77 72 77 83
78 72 78 83
80 72 80 83
82 72 82 83
83 72 83 83
84 72 84 83
85 72 85 83
86 72 86 83
87 72 87 83
88 72 88 83
89 72 89 83
90 72 90 83
91 72 91 83
92 72 92 83
94 72 94 83
95 72 95 83
96 72 96 83
97 72 97 83
98 72 98 83
100 72 100 83
101 72 101 83
102 72 102 83
103 72 103 83
104 72 104 83
106 72 106 83
107 72 107 83
108 72 108 83
109 72 109 83
110 72 110 83
111 72 111 83
112 72 112 83
113 72 113 83
114 72 114 83
116 72 116 83
117 72 117 83
118 72 118 83
119 72 119 83
120 72 120 83
121 72 121 83
122 72 122 83
125 72 125 83
126 72 126 83
127 72 127 83
128 72 128 83
130 72 130 83
131 72 131 83
132 72 132 83
134 72 134 83
135 72 135 83
136 72 136 83
137 72 137 83
138 72 138 83
140 72 140 83
141 72 141 83
142 72 142 83
143 72 143 83
144 72 144 83
145 72 145 83
146 72 146 83
147 72 147 83
149 72 149 83
150 72 150 83
151 72 151 83
152 72 152 83
154 72 154 83
155 72 155 83
156 72 156 83
158 72 158 83
159 72 159 83
160 72 160 83
162 72 162 83
164 72 164 83
165 72 165 83
167 72 167 83
168 72 168 83
169 72 169 83
170 72 170 83
171 72 171 83
172 72 172 83
173 72 173 83
174 72 174 83
175 72 175 83
176 72 176 83
177 72 177 83
178 72 178 83
179 72 179 83
180 72 180 83
181 72 181 83
182 72 182 83
183 72 183 83
185 72 185 83
186 72 186 83
187 72 187 83
188 72 188 83
189 72 189 83
190 72 190 83
191 72 191 83
192 72 192 83
193 72 193 83
194 72 194 83
195 72 195 83
196 72 196 83
197 72 197 83
198 72 198 83
0 84 0 95
1 84 1 95
2 84 2 95
3 84 3 95
4 84 4 95
5 84 5 95
6 84 6 95
7 84 7 95
8 84 8 95
9 84 9 95
10 84 10 95
11 84 11 95
12 84 12 95
13 84 13 95
14 84 14 95
15 84 15 95
16 84 16 95
18 84 18 95
19 84 19 95
20 84 20 95
21 84 21 95
22 84 22 95
23 84 23 95
24 84 24 95
25 84 25 95
26 84 26 95
27 84 27 95
30 84 30 95
31 84 31 95
32 84 32 95
33 84 33 95
35 84 35 95
36 84 36 95
37 84 37 95
38 84 38 95
39 84 39 95
40 84 40 95
41 84 41 95
42 84 42 95
43 84 43 95
44 84 44 95
45 84 45 95
46 84 46 95
47 84 47 95
48 84 48 95
49 84 49 95
50 84 50 95
51 84 51 95
52 84 52 95
53 84 53 95
54 84 54 95
55 84 55 95
56 84 56 95
57 84 57 95
58 84 58 95
59 84 59 95
60 84 60 95
61 84 61 95
62 84 62 95
63 84 63 95
65 84 65 95
67 84 67 95
68 84 68 95
69 84 69 95
70 84 70 95
71 84 71 95
72 84 72 95
73 84 73 95
74 84 74 95
77 84 77 95
78 84 78 95
79 84 79 95
80 84 80 95
81 84 81 95
82 84 82 95
83 84 83 95
84 84 84 95
86 84 86 95
87 84 87 95
88 84 88 95
89 84 89 95
90 84 90 95
92 84 92 95
93 84 93 95
94 84 94 95
95 84 95 95
96 84 96 95
98 84 98 95
99 84 99 95
100 84 100 95
102 84 102 95
103 84 103 95
104 84 104 95
105 84 105 95
106 84 106 95
107 84 107 95
108 84 108 95
109 84 109 95
110 84 110 95
112 84 112 95
113 84 113 95
114 84 114 95
115 84 115 95
116 84 116 95
119 84 119 95
120 84 120 95
121 84 121 95
122 84 122 95
123 84 123 95
124 84 124 95
126 84 126 95
128 84 128 95
129 84 129 95
130 84 130 95
131 84 131 95
133 84 133 95
134 84 134 95
136 84 136 95
138 84 138 95
140 84 140 95
141 84 141 95
142 84 142 95
143 84 143 95
145 84 145 95
146 84 146 95
147 84 147 95
148 84 148 95
150 84 150 95
152 84 152 95
153 84 153 95
155 84 155 95
157 84 157 95
158 84 158 95
159 84 159 95
160 84 160 95
161 84 161 95
162 84 162 95
163 84 163 95
164 84 164 95
166 84 166 95
167 84 167 95
168 84 168 95
170 84 170 95
171 84 171 95
173 84 173 95
174 84 174 95
176 84 176 95
177 84 177 95
178 84 178 95
179 84 179 95
180 84 180 95
181 84 181 95
182 84 182 95
183 84 183 95
184 84 184 95
185 84 185 95
186 84 186 95
187 84 187 95
188 84 188 95
189 84 189 95
190 84 190 95
191 84 191 95
194 84 194 95
195 84 195 95
198 84 198 95
199 84 199 95
0 96 0 107
1 96 1 107
2 96 2 107
3 96 3 107
5 96 5 107
7 96 7 107
8 96 8 107
10 96 10 107
11 96 11 107
12 96 12 107
13 96 13 107
15 96 15 107
16 96 16 107
17 96 17 107
18 96 18 107
19 96 19 107
20 96 20 107
21 96 21 107
22 96 22 107
23 96 23 107
24 96 24 107
25 96 25 107
26 96 26 107
28 96 28 107
29 96 29 107
30 96 30 107
31 96 31 107
32 96 32 107
33 96 33 107
35 96 35 107
37 96 37 107
38 96 38 107
39 96 39 107
40 96 40 107
41 96 41 107
42 96 42 107
43 96 43 107
44 96 44 107
45 96 45 107
47 96 47 107
48 96 48 107
49 96 49 107
50 96 50 107
51 96 51 107
52 96 52 107
53 96 53 107
54 96 54 107
55 96 55 107
56 96 56 107
57 96 57 107
58 96 58 107
59 96 59 107
61 96 61 107
63 96 63 107
64 96 64 107
65 96 65 107
66 96 66 107
67 96 67 107
68 96 68 107
70 96 70 107
71 96 71 107
72 96 72 107
73 96 73 107
74 96 74 107
75 96 75 107
76 96 76 107
78 96 78 107
79 96 79 107
80 96 80 107
81 96 81 107
82 96 82 107
83 96 83 107
84 96 84 107
85 96 85 107
86 96 86 107
87 96 87 107
88 96 88 107
89 96 89 107
90 96 90 107
91 96 91 107
92 96 92 107
93 96 93 107
94 96 94 107
96 96 96 107
97 96 97 107
98 96 98 107
99 96 99 107
100 96 100 107
101 96 101 107
103 96 103 107
104 96 104 107
105 96 105 107
106 96 106 107
107 96 107 107
108 96 108 107
109 96 109 107
110 96 110 107
111 96 111 107
112 96 112 107
113 96 113 107
114 96 114 107
115 96 115 107
116 96 116 107
117 96 117 107
118 96 118 107
119 96 119 107
120 96 120 107
121 96 121 107
123 96 123 107
125 96 125 107
126 96 126 107
127 96 127 107
128 96 128 107
129 96 129 107
130 96 130 107
131 96 131 107
132 96 132 107
134 96 134 107
135 96 135 107
136 96 136 107
137 96 137 107
139 96 139 107
141 96 141 107
142 96 142 107
143 96 143 107
145 96 145 107
147 96 147 107
149 96 149 107
150 96 150 107
151 96 151 107
153 96 153 107
154 96 154 107
155 96 155 107
156 96 156 107
157 96 157 107
158 96 158 107
159 96 159 107
160 96 160 107
161 96 161 107
162 96 162 107
163 96 163 107
164 96 164 107
165 96 165 107
166 96 166 107
167 96 167 107
168 96 168 107
169 96 169 107
170 96 170 107
171 96 171 107
172 96 172 107
175 96 175 107
176 96 176 107
177 96 177 107
178 96 178 107
179 96 179 107
180 96 180 107
181 96 181 107
182 96 182 107
183 96 183 107
184 96 184 107
185 96 185 107
186 96 186 107
187 96 187 107
188 96 188 107
190 96 190 107
191 96 191 107
192 96 192 107
193 96 193 107
194 96 194 107
195 96 195 107
196 96 196 107
197 96 197 107
198 96 198 107
0 108 0 119
1 108 1 119
2 108 2 119
3 108 3 119
4 108 4 119
5 108 5 119
6 108 6 119
7 108 7 119
8 108 8 119
9 108 9 119
11 108 11 119
12 108 12 119
13 108 13 119
14 108 14 119
15 108 15 119
16 108 16 119
18 108 18 119
20 108 20 119
21 108 21 119
22 108 22 119
25 108 25 119
27 108 27 119
28 108 28 119
29 108 29 119
30 108 30 119
31 108 31 119
33 108 33 119
34 108 34 119
35 108 35 119
36 108 36 119
37 108 37 119
39 108 39 119
41 108 41 119
42 108 42 119
43 108 43 119
44 108 44 119
45 108 45 119
46 108 46 119
47 108 47 119
49 108 49 119
51 108 51 119
53 108 53 119
56 108 56 119
57 108 57 119
58 108 58 119
59 108 59 119
61 108 61 119
62 108 62 119
63 108 63 119
64 108 64 119
65 108 65 119
66 108 66 119
67 108 67 119
68 108 68 119
70 108 70 119
71 108 71 119
72 108 72 119
73 108 73 119
74 108 74 119
75 108 75 119
76 108 76 119
77 108 77 119
79 108 79 119
80 108 80 119
81 108 81 119
82 108 82 119
83 108 83 119
84 108 84 119
86 108 86 119
87 108 87 119
88 108 88 119
89 108 89 119
90 108 90 119
91 108 91 119
93 108 93 119
94 108 94 119
95 108 95 119
96 108 96 119
100 108 100 119
101 108 101 119
102 108 102 119
105 108 105 119
106 108 106 119
107 108 107 119
108 108 108 119
109 108 109 119
110 108 110 119
111 108 111 119
112 108 112 119
113 108 113 119
114 108 114 119
115 108 115 119
116 108 116 119
118 108 118 119
121 108 121 119
122 108 122 119
123 108 123 119
124 108 124 119
125 108 125 119
126 108 126 119
127 108 127 119
128 108 128 119
129 108 129 119
130 108 130 119
131 108 131 119
132 108 132 119
134 108 134 119
135 108 135 119
136 108 136 119
138 108 138 119
139 108 139 119
140 108 140 119
141 108 141 119
142 108 142 119
143 108 143 119
144 108 144 119
145 108 145 119
146 108 146 119
147 108 147 119
148 108 148 119
149 108 149 119
151 108 151 119
152 108 152 119
153 108 153 119
154 108 154 119
155 108 155 119
156 108 156 119
157 108 157 119
158 108 158 119
159 108 159 119
160 108 160 119
161 108 161 119
162 108 162 119
163 108 163 119
164 108 164 119
165 108 165 119
166 108 166 119
167 108 167 119
168 108 168 119
170 108 170 119
171 108 171 119
172 108 172 119
174 108 174 119
175 108 175 119
176 108 176 119
177 108 177 119
178 108 178 119
179 108 179 119
180 108 180 119
181 108 181 119
182 108 182 119
183 108 183 119
184 108 184 119
185 108 185 119
186 108 186 119
187 108 187 119
188 108 188 119
191 108 191 119
192 108 192 119
193 108 193 119
194 108 194 119
195 108 195 119
196 108 196 119
197 108 197 119
198 108 198 119
0 120 0 131
1 120 1 131
2 120 2 131
3 120 3 131
4 120 4 131
5 120 5 131
6 120 6 131
7 120 7 131
8 120 8 131
9 120 9 131
10 120 10 131
11 120 11 131
13 120 13 131
14 120 14 131
15 120 15 131
16 120 16 131
17 120 17 131
19 120 19 131
21 120 21 131
22 120 22 131
23 120 23 131
24 120 24 131
25 120 25 131
26 120 26 131
27 120 27 131
29 120 29 131
30 120 30 131
31 120 31 131
32 120 32 131
33 120 33 131
34 120 34 131
35 120 35 131
36 120 36 131
37 120 37 131
39 120 39 131
40 120 40 131
41 120 41 131
42 120 42 131
43 120 43 131
44 120 44 131
45 120 45 131
46 120 46 131
47 120 47 131
48 120 48 131
49 120 49 131
50 120 50 131
51 120 51 131
53 120 53 131
54 120 54 131
55 120 55 131
56 120 56 131
57 120 57 131
58 120 58 131
60 120 60 131
61 120 61 131
63 120 63 131
65 120 65 131
66 120 66 131
67 120 67 131
68 120 68 131
69 120 69 131
70 120 70 131
71 120 71 131
72 120 72 131
73 120 73 131
74 120 74 131
75 120 75 131
76 120 76 131
77 120 77 131
78 120 78 131
79 120 79 131
80 120 80 131
81 120 81 131
82 120 82 131
83 120 83 131
84 120 84 131
86 120 86 131
87 120 87 131
88 120 88 131
89 120 89 131
90 120 90 131
91 120 91 131
92 120 92 131
93 120 93 131
94 120 94 131
95 120 95 131
96 120 96 131
97 120 97 131
98 120 98 131
99 120 99 131
100 120 100 131
101 120 101 131
102 120 102 131
104 120 104 131
105 120 105 131
106 120 106 131
107 120 107 131
108 120 108 131
109 120 109 131
110 120 110 131
111 120 111 131
112 120 112 131
113 120 113 131
114 120 114 131
115 120 115 131
116 120 116 131
117 120 117 131
118 120 118 131
119 120 119 131
120 120 120 131
121 120 121 131
122 120 122 131
123 120 123 131
124 120 124 131
125 120 125 131
127 120 127 131
129 120 129 131
130 120 130 131
132 120 132 131
133 120 133 131
134 120 134 131
136 120 136 131
138 120 138 131
139 120 139 131
140 120 140 131
141 120 141 131
142 120 142 131
143 120 143 131
144 120 144 131
146 120 146 131
147 120 147 131
148 120 148 131
149 120 149 131
150 120 150 131
151 120 151 131
152 120 152 131
153 120 153 131
154 120 154 131
155 120 155 131
156 120 156 131
158 120 158 131
159 120 159 131
160 120 160 131
161 120 161 131
163 120 163 131
164 120 164 131
165 120 165 131
167 120 167 131
169 120 169 131
170 120 170 131
171 120 171 131
172 120 172 131
173 120 173 131
174 120 174 131
175 120 175 131
176 120 176 131
178 120 178 131
180 120 180 131
181 120 181 131
183 120 183 131
184 120 184 131
185 120 185 131
186 120 186 131
187 120 187 131
188 120 188 131
189 120 189 131
191 120 191 131
192 120 192 131
193 120 193 131
194 120 194 131
196 120 196 131
197 120 197 131
199 120 199 131
0 132 0 143
1 132 1 143
2 132 2 143
3 132 3 143
4 132 4 143
5 132 5 143
6 132 6 143
7 132 7 143
8 132 8 143
9 132 9 143
10 132 10 143
11 132 11 143
12 132 12 143
13 132 13 143
15 132 15 143
16 132 16 143
17 132 17 143
18 132 18 143
19 132 19 143
21 132 21 143
22 132 22 143
23 132 23 143
24 132 24 143
25 132 25 143
27 132 27 143
29 132 29 143
30 132 30 143
31 132 31 143
32 132 32 143
34 132 34 143
35 132 35 143
36 132 36 143
37 132 37 143
38 132 38 143
39 132 39 143
40 132 40 143
41 132 41 143
42 132 42 143
43 132 43 143
44 132 44 143
45 132 45 143
46 132 46 143
49 132 49 143
50 132 50 143
51 132 51 143
52 132 52 143
53 132 53 143
54 132 54 143
55 132 55 143
57 132 57 143
59 132 59 143
60 132 60 143
61 132 61 143
62 132 62 143
63 132 63 143
64 132 64 143
65 132 65 143
66 132 66 143
67 132 67 143
68 132 68 143
69 132 69 143
70 132 70 143
71 132 71 143
72 132 72 143
73 132 73 143
74 132 74 143
75 132 75 143
76 132 76 143
77 132 77 143
78 132 78 143
79 132 79 143
80 132 80 143
81 132 81 143
82 132 82 143
83 132 83 143
84 132 84 143
85 132 85 143
86 132 86 143
88 132 88 143
90 132 90 143
91 132 91 143
92 132 92 143
93 132 93 143
94 132 94 143
95 132 95 143
96 132 96 143
97 132 97 143
98 132 98 143
99 132 99 143
100 132 100 143
101 132 101 143
102 132 102 143
103 132 103 143
104 132 104 143
105 132 105 143
106 132 106 143
107 132 107 143
110 132 110 143
111 132 111 143
112 132 112 143
113 132 113 143
114 132 114 143
115 132 115 143
116 132 116 143
117 132 117 143
118 132 118 143
119 132 119 143
120 132 120 143
121 132 121 143
122 132 122 143
123 132 123 143
124 132 124 143
125 132 125 143
126 132 126 143
127 132 127 143
128 132 128 143
131 132 131 143
132 132 132 143
133 132 133 143
135 132 135 143
136 132 136 143
137 132 137 143
138 132 138 143
139 132 139 143
140 132 140 143
141 132 141 143
142 132 142 143
143 132 143 143
144 132 144 143
145 132 145 143
146 132 146 143
147 132 147 143
148 132 148 143
150 132 150 143
151 132 151 143
154 132 154 143
155 132 155 143
156 132 156 143
157 132 157 143
158 132 158 143
160 132 160 143
161 132 161 143
162 132 162 143
163 132 163 143
164 132 164 143
165 132 165 143
167 132 167 143
169 132 169 143
170 132 170 143
171 132 171 143
172 132 172 143
173 132 173 143
174 132 174 143
175 132 175 143
176 132 176 143
177 132 177 143
178 132 178 143
179 132 179 143
181 132 181 143
182 132 182 143
184 132 184 143
186 132 186 143
187 132 187 143
190 132 190 143
191 132 191 143
192 132 192 143
193 132 193 143
194 132 194 143
197 132 197 143
0 144 0 155
1 144 1 155
2 144 2 155
3 144 3 155
4 144 4 155
5 144 5 155
6 144 6 155
7 144 7 155
8 144 8 155
9 144 9 155
10 144 10 155
11 144 11 155
12 144 12 155
14 144 14 155
15 144 15 155
16 144 16 155
17 144 17 155
18 144 18 155
19 144 19 155
21 144 21 155
22 144 22 155
23 144 23 155
24 144 24 155
25 144 25 155
26 144 26 155
27 144 27 155
29 144 29 155
30 144 30 155
31 144 31 155
32 144 32 155
33 144 33 155
34 144 34 155
35 144 35 155
36 144 36 155
37 144 37 155
38 144 38 155
39 144 39 155
40 144 40 155
41 144 41 155
42 144 42 155
43 144 43 155
44 144 44 155
46 144 46 155
47 144 47 155
48 144 48 155
49 144 49 155
51 144 51 155
52 144 52 155
53 144 53 155
54 144 54 155
55 144 55 155
56 144 56 155
57 144 57 155
58 144 58 155
59 144 59 155
60 144 60 155
61 144 61 155
62 144 62 155
63 144 63 155
64 144 64 155
65 144 65 155
66 144 66 155
67 144 67 155
68 144 68 155
69 144 69 155
70 144 70 155
71 144 71 155
73 144 73 155
74 144 74 155
76 144 76 155
79 144 79 155
82 144 82 155
83 144 83 155
84 144 84 155
85 144 85 155
86 144 86 155
88 144 88 155
89 144 89 155
92 144 92 155
93 144 93 155
94 144 94 155
95 144 95 155
96 144 96 155
97 144 97 155
98 144 98 155
99 144 99 155
100 144 100 155
102 144 102 155
103 144 103 155
104 144 104 155
105 144 105 155
106 144 106 155
107 144 107 155
108 144 108 155
109 144 109 155
111 144 111 155
112 144 112 155
113 144 113 155
114 144 114 155
115 144 115 155
116 144 116 155
117 144 117 155
118 144 118 155
119 144 119 155
124 144 124 155
126 144 126 155
127 144 127 155
128 144 128 155
130 144 130 155
131 144 131 155
132 144 132 155
133 144 133 155
134 144 134 155
135 144 135 155
136 144 136 155
137 144 137 155
139 144 139 155
140 144 140 155
141 144 141 155
142 144 142 155
143 144 143 155
144 144 144 155
145 144 145 155
146 144 146 155
148 144 148 155
149 144 149 155
151 144 151 155
152 144 152 155
153 144 153 155
154 144 154 155
155 144 155 155
156 144 156 155
157 144 157 155
158 144 158 155
160 144 160 155
161 144 161 155
162 144 162 155
164 144 164 155
165 144 165 155
167 144 167 155
169 144 169 155
170 144 170 155
171 144 171 155
172 144 172 155
173 144 173 155
174 144 174 155
175 144 175 155
176 144 176 155
177 144 177 155
179 144 179 155
180 144 180 155
181 144 181 155
183 144 183 155
185 144 185 155
186 144 186 155
187 144 187 155
188 144 188 155
189 144 189 155
192 144 192 155
193 144 193 155
195 144 195 155
197 144 197 155
199 144 199 155
0 156 0 167
1 156 1 167
2 156 2 167
3 156 3 167
4 156 4 167
5 156 5 167
6 156 6 167
7 156 7 167
8 156 8 167
9 156 9 167
10 156 10 167
12 156 12 167
13 156 13 167
15 156 15 167
16 156 16 167
17 156 17 167
18 156 18 167
19 156 19 167
20 156 20 167
21 156 21 167
22 156 22 167
23 156 23 167
24 156 24 167
25 156 25 167
26 156 26 167
27 156 27 167
28 156 28 167
29 156 29 167
30 156 30 167
31 156 31 167
32 156 32 167
33 156 33 167
34 156 34 167
35 156 35 167
36 156 36 167
37 156 37 167
38 156 38 167
39 156 39 167
40 156 40 167
41 156 41 167
42 156 42 167
43 156 43 167
44 156 44 167
45 156 45 167
47 156 47 167
48 156 48 167
49 156 49 167
50 156 50 167
51 156 51 167
52 156 52 167
54 156 54 167
55 156 55 167
56 156 56 167
57 156 57 167
58 156 58 167
60 156 60 167
61 156 61 167
62 156 62 167
63 156 63 167
64 156 64 167
65 156 65 167
66 156 66 167
67 156 67 167
69 156 69 167
71 156 71 167
72 156 72 167
74 156 74 167
75 156 75 167
76 156 76 167
77 156 77 167
78 156 78 167
79 156 79 167
81 156 81 167
82 156 82 167
84 156 84 167
85 156 85 167
87 156 87 167
89 156 89 167
90 156 90 167
92 156 92 167
93 156 93 167
94 156 94 167
96 156 96 167
97 156 97 167
98 156 98 167
99 156 99 167
100 156 100 167
101 156 101 167
102 156 102 167
103 156 103 167
104 156 104 167
105 156 105 167
106 156 106 167
108 156 108 167
109 156 109 167
110 156 110 167
112 156 112 167
114 156 114 167
115 156 115 167
116 156 116 167
117 156 117 167
118 156 118 167
121 156 121 167
122 156 122 167
123 156 123 167
124 156 124 167
125 156 125 167
126 156 126 167
127 156 127 167
128 156 128 167
129 156 129 167
130 156 130 167
131 156 131 167
133 156 133 167
134 156 134 167
135 156 135 167
136 156 136 167
137 156 137 167
138 156 138 167
139 156 139 167
140 156 140 167
141 156 141 167
142 156 142 167
143 156 143 167
144 156 144 167
146 156 146 167
147 156 147 167
149 156 149 167
151 156 151 167
153 156 153 167
154 156 154 167
155 156 155 167
157 156 157 167
158 156 158 167
159 156 159 167
160 156 160 167
162 156 162 167
163 156 163 167
164 156 164 167
166 156 166 167
167 156 167 167
168 156 168 167
169 156 169 167
170 156 170 167
171 156 171 167
174 156 174 167
175 156 175 167
176 156 176 167
177 156 177 167
179 156 179 167
180 156 180 167
181 156 181 167
182 156 182 167
183 156 183 167
184 156 184 167
185 156 185 167
186 156 186 167
187 156 187 167
188 156 188 167
189 156 189 167
191 156 191 167
192 156 192 167
193 156 193 167
194 156 194 167
195 156 195 167
196 156 196 167
197 156 197 167
198 156 198 167
199 156 199 167
0 168 0 179
1 168 1 179
2 168 2 179
5 168 5 179
6 168 6 179
7 168 7 179
8 168 8 179
9 168 9 179
10 168 10 179
11 168 11 179
12 168 12 179
13 168 13 179
14 168 14 179
15 168 15 179
16 168 16 179
17 168 17 179
18 168 18 179
19 168 19 179
20 168 20 179
21 168 21 179
22 168 22 179
23 168 23 179
25 168 25 179
26 168 26 179
27 168 27 179
28 168 28 179
29 168 29 179
30 168 30 179
31 168 31 179
32 168 32 179
33 168 33 179
34 168 34 179
35 168 35 179
36 168 36 179
37 168 37 179
39 168 39 179
40 168 40 179
41 168 41 179
42 168 42 179
43 168 43 179
44 168 44 179
45 168 45 179
46 168 46 179
47 168 47 179
48 168 48 179
49 168 49 179
50 168 50 179
51 168 51 179
52 168 52 179
53 168 53 179
54 168 54 179
55 168 55 179
56 168 56 179
57 168 57 179
58 168 58 179
59 168 59 179
60 168 60 179
61 168 61 179
63 168 63 179
65 168 65 179
66 168 66 179
67 168 67 179
68 168 68 179
69 168 69 179
70 168 70 179
71 168 71 179
72 168 72 179
73 168 73 179
74 168 74 179
75 168 75 179
77 168 77 179
78 168 78 179
79 168 79 179
80 168 80 179
81 168 81 179
82 168 82 179
83 168 83 179
84 168 84 179
85 168 85 179
87 168 87 179
88 168 88 179
89 168 89 179
90 168 90 179
91 168 91 179
92 168 92 179
93 168 93 179
94 168 94 179
95 168 95 179
96 168 96 179
97 168 97 179
98 168 98 179
99 168 99 179
100 168 100 179
101 168 101 179
102 168 102 179
103 168 103 179
105 168 105 179
107 168 107 179
108 168 108 179
109 168 109 179
110 168 110 179
112 168 112 179
113 168 113 179
114 168 114 179
115 168 115 179
117 168 117 179
118 168 118 179
120 168 120 179
121 168 121 179
122 168 122 179
123 168 123 179
127 168 127 179
128 168 128 179
129 168 129 179
131 168 131 179
133 168 133 179
135 168 135 179
136 168 136 179
137 168 137 179
138 168 138 179
139 168 139 179
140 168 140 179
141 168 141 179
142 168 142 179
143 168 143 179
145 168 145 179
146 168 146 179
147 168 147 179
148 168 148 179
149 168 149 179
152 168 152 179
153 168 153 179
154 168 154 179
155 168 155 179
156 168 156 179
157 168 157 179
158 168 158 179
159 168 159 179
160 168 160 179
161 168 161 179
164 168 164 179
165 168 165 179
166 168 166 179
167 168 167 179
168 168 168 179
169 168 169 179
170 168 170 179
171 168 171 179
173 168 173 179
174 168 174 179
175 168 175 179
176 168 176 179
177 168 177 179
178 168 178 179
179 168 179 179
181 168 181 179
183 168 183 179
184 168 184 179
185 168 185 179
186 168 186 179
187 168 187 179
188 168 188 179
189 168 189 179
190 168 190 179
191 168 191 179
192 168 192 179
193 168 193 179
194 168 194 179
195 168 195 179
196 168 196 179
197 168 197 179
198 168 198 179
199 168 199 179
0 180 0 191
1 180 1 191
2 180 2 191
3 180 3 191
4 180 4 191
5 180 5 191
6 180 6 191
7 180 7 191
8 180 8 191
9 180 9 191
10 180 10 191
11 180 11 191
12 180 12 191
13 180 13 191
14 180 14 191
15 180 15 191
16 180 16 191
17 180 17 191
18 180 18 191
19 180 19 191
20 180 20 191
21 180 21 191
22 180 22 191
23 180 23 191
24 180 24 191
25 180 25 191
27 180 27 191
28 180 28 191
30 180 30 191
32 180 32 191
33 180 33 191
34 180 34 191
36 180 36 191
38 180 38 191
39 180 39 191
40 180 40 191
41 180 41 191
42 180 42 191
43 180 43 191
44 180 44 191
45 180 45 191
46 180 46 191
47 180 47 191
48 180 48 191
50 180 50 191
51 180 51 191
53 180 53 191
54 180 54 191
55 180 55 191
56 180 56 191
57 180 57 191
58 180 58 191
59 180 59 191
61 180 61 191
62 180 62 191
65 180 65 191
66 180 66 191
68 180 68 191
69 180 69 191
70 180 70 191
71 180 71 191
72 180 72 191
73 180 73 191
74 180 74 191
75 180 75 191
77 180 77 191
78 180 78 191
79 180 79 191
80 180 80 191
81 180 81 191
82 180 82 191
83 180 83 191
84 180 84 191
85 180 85 191
86 180 86 191
87 180 87 191
88 180 88 191
89 180 89 191
90 180 90 191
91 180 91 191
92 180 92 191
94 180 94 191
96 180 96 191
97 180 97 191
98 180 98 191
99 180 99 191
100 180 100 191
102 180 102 191
104 180 104 191
105 180 105 191
106 180 106 191
107 180 107 191
108 180 108 191
109 180 109 191
110 180 110 191
111 180 111 191
112 180 112 191
113 180 113 191
114 180 114 191
115 180 115 191
116 180 116 191
117 180 117 191
118 180 118 191
119 180 119 191
120 180 120 191
122 180 122 191
123 180 123 191
124 180 124 191
125 180 125 191
126 180 126 191
127 180 127 191
128 180 128 191
129 180 129 191
130 180 130 191
131 180 131 191
132 180 132 191
133 180 133 191
135 180 135 191
136 180 136 191
137 180 137 191
138 180 138 191
139 180 139 191
140 180 140 191
141 180 141 191
143 180 143 191
144 180 144 191
145 180 145 191
146 180 146 191
147 180 147 191
148 180 148 191
149 180 149 191
151 180 151 191
152 180 152 191
153 180 153 191
154 180 154 191
155 180 155 191
156 180 156 191
157 180 157 191
158 180 158 191
161 180 161 191
162 180 162 191
163 180 163 191
164 180 164 191
166 180 166 191
167 180 167 191
168 180 168 191
169 180 169 191
170 180 170 191
171 180 171 191
172 180 172 191
174 180 174 191
175 180 175 191
176 180 176 191
178 180 178 191
179 180 179 191
180 180 180 191
181 180 181 191
182 180 182 191
183 180 183 191
184 180 184 191
185 180 185 191
186 180 186 191
188 180 188 191
189 180 189 191
190 180 190 191
192 180 192 191
194 180 194 191
195 180 195 191
197 180 197 191
198 180 198 191
0 192 0 203
4 192 4 203
5 192 5 203
6 192 6 203
8 192 8 203
9 192 9 203
10 192 10 203
11 192 11 203
12 192 12 203
13 192 13 203
15 192 15 203
16 192 16 203
17 192 17 203
18 192 18 203
19 192 19 203
20 192 20 203
23 192 23 203
24 192 24 203
26 192 26 203
27 192 27 203
28 192 28 203
29 192 29 203
30 192 30 203
31 192 31 203
32 192 32 203
34 192 34 203
35 192 35 203
36 192 36 203
37 192 37 203
38 192 38 203
39 192 39 203
40 192 40 203
41 192 41 203
42 192 42 203
43 192 43 203
44 192 44 203
45 192 45 203
46 192 46 203
47 192 47 203
48 192 48 203
49 192 49 203
50 192 50 203
51 192 51 203
53 192 53 203
54 192 54 203
55 192 55 203
57 192 57 203
58 192 58 203
59 192 59 203
60 192 60 203
61 192 61 203
63 192 63 203
64 192 64 203
65 192 65 203
67 192 67 203
68 192 68 203
69 192 69 203
70 192 70 203
71 192 71 203
72 192 72 203
73 192 73 203
74 192 74 203
75 192 75 203
76 192 76 203
77 192 77 203
78 192 78 203
80 192 80 203
81 192 81 203
82 192 82 203
83 192 83 203
85 192 85 203
86 192 86 203
87 192 87 203
88 192 88 203
89 192 89 203
90 192 90 203
91 192 91 203
92 192 92 203
93 192 93 203
94 192 94 203
97 192 97 203
98 192 98 203
100 192 100 203
101 192 101 203
104 192 104 203
106 192 106 203
107 192 107 203
108 192 108 203
110 192 110 203
111 192 111 203
112 192 112 203
114 192 114 203
116 192 116 203
117 192 117 203
118 192 118 203
119 192 119 203
120 192 120 203
121 192 121 203
122 192 122 203
123 192 123 203
124 192 124 203
125 192 125 203
126 192 126 203
128 192 128 203
129 192 129 203
130 192 130 203
131 192 131 203
132 192 132 203
133 192 133 203
134 192 134 203
135 192 135 203
136 192 136 203
137 192 137 203
139 192 139 203
140 192 140 203
141 192 141 203
142 192 142 203
143 192 143 203
145 192 145 203
146 192 146 203
147 192 147 203
148 192 148 203
149 192 149 203
150 192 150 203
151 192 151 203
152 192 152 203
153 192 153 203
154 192 154 203
155 192 155 203
156 192 156 203
158 192 158 203
159 192 159 203
160 192 160 203
161 192 161 203
162 192 162 203
163 192 163 203
164 192 164 203
165 192 165 203
166 192 166 203
167 192 167 203
168 192 168 203
169 192 169 203
170 192 170 203
171 192 171 203
172 192 172 203
174 192 174 203
175 192 175 203
176 192 176 203
178 192 178 203
179 192 179 203
182 192 182 203
183 192 183 203
184 192 184 203
185 192 185 203
186 192 186 203
187 192 187 203
188 192 188 203
190 192 190 203
191 192 191 203
192 192 192 203
193 192 193 203
194 192 194 203
195 192 195 203
197 192 197 203
198 192 198 203
199 192 199 203
0 204 0 215
1 204 1 215
2 204 2 215
3 204 3 215
4 204 4 215
5 204 5 215
6 204 6 215
7 204 7 215
8 204 8 215
9 204 9 215
10 204 10 215
11 204 11 215
12 204 12 215
13 204 13 215
14 204 14 215
15 204 15 215
16 204 16 215
17 204 17 215
18 204 18 215
19 204 19 215
20 204 20 215
21 204 21 215
22 204 22 215
23 204 23 215
24 204 24 215
25 204 25 215
26 204 26 215
27 204 27 215
28 204 28 215
29 204 29 215
30 204 30 215
31 204 31 215
32 204 32 215
34 204 34 215
35 204 35 215
36 204 36 215
37 204 37 215
40 204 40 215
41 204 41 215
42 204 42 215
43 204 43 215
44 204 44 215
45 204 45 215
46 204 46 215
47 204 47 215
48 204 48 215
49 204 49 215
50 204 50 215
51 204 51 215
52 204 52 215
53 204 53 215
54 204 54 215
55 204 55 215
56 204 56 215
57 204 57 215
58 204 58 215
60 204 60 215
61 204 61 215
62 204 62 215
63 204 63 215
65 204 65 215
66 204 66 215
67 204 67 215
68 204 68 215
69 204 69 215
70 204 70 215
72 204 72 215
73 204 73 215
74 204 74 215
75 204 75 215
76 204 76 215
77 204 77 215
78 204 78 215
79 204 79 215
81 204 81 215
82 204 82 215
83 204 83 215
84 204 84 215
85 204 85 215
86 204 86 215
87 204 87 215
90 204 90 215
91 204 91 215
92 204 92 215
93 204 93 215
94 204 94 215
95 204 95 215
96 204 96 215
97 204 97 215
98 204 98 215
99 204 99 215
101 204 101 215
102 204 102 215
103 204 103 215
105 204 105 215
107 204 107 215
108 204 108 215
110 204 110 215
111 204 111 215
112 204 112 215
113 204 113 215
114 204 114 215
115 204 115 215
116 204 116 215
117 204 117 215
118 204 118 215
119 204 119 215
120 204 120 215
121 204 121 215
122 204 122 215
123 204 123 215
125 204 125 215
126 204 126 215
127 204 127 215
128 204 128 215
129 204 129 215
130 204 130 215
131 204 131 215
132 204 132 215
133 204 133 215
134 204 134 215
135 204 135 215
136 204 136 215
137 204 137 215
138 204 138 215
139 204 139 215
140 204 140 215
141 204 141 215
142 204 142 215
143 204 143 215
145 204 145 215
146 204 146 215
147 204 147 215
148 204 148 215
149 204 149 215
150 204 150 215
151 204 151 215
152 204 152 215
153 204 153 215
154 204 154 215
155 204 155 215
156 204 156 215
157 204 157 215
158 204 158 215
159 204 159 215
160 204 160 215
161 204 161 215
162 204 162 215
163 204 163 215
164 204 164 215
165 204 165 215
166 204 166 215
167 204 167 215
168 204 168 215
169 204 169 215
170 204 170 215
172 204 172 215
173 204 173 215
174 204 174 215
175 204 175 215
176 204 176 215
177 204 177 215
179 204 179 215
181 204 181 215
182 204 182 215
183 204 183 215
184 204 184 215
185 204 185 215
186 204 186 215
187 204 187 215
188 204 188 215
190 204 190 215
191 204 191 215
192 204 192 215
193 204 193 215
194 204 194 215
195 204 195 215
197 204 197 215
198 204 198 215
199 204 199 215
1 216 1 227
2 216 2 227
3 216 3 227
4 216 4 227
5 216 5 227
7 216 7 227
9 216 9 227
10 216 10 227
11 216 11 227
12 216 12 227
13 216 13 227
15 216 15 227
16 216 16 227
17 216 17 227
18 216 18 227
19 216 19 227
20 216 20 227
21 216 21 227
22 216 22 227
23 216 23 227
24 216 24 227
26 216 26 227
27 216 27 227
28 216 28 227
29 216 29 227
30 216 30 227
31 216 31 227
32 216 32 227
33 216 33 227
34 216 34 227
35 216 35 227
37 216 37 227
38 216 38 227
39 216 39 227
40 216 40 227
41 216 41 227
42 216 42 227
44 216 44 227
45 216 45 227
46 216 46 227
47 216 47 227
48 216 48 227
49 216 49 227
50 216 50 227
51 216 51 227
52 216 52 227
53 216 53 227
55 216 55 227
56 216 56 227
58 216 58 227
60 216 60 227
61 216 61 227
62 216 62 227
63 216 63 227
64 216 64 227
66 216 66 227
67 216 67 227
68 216 68 227
69 216 69 227
70 216 70 227
72 216 72 227
73 216 73 227
76 216 76 227
77 216 77 227
78 216 78 227
79 216 79 227
81 216 81 227
82 216 82 227
83 216 83 227
84 216 84 227
85 216 85 227
87 216 87 227
88 216 88 227
89 216 89 227
91 216 91 227
93 216 93 227
94 216 94 227
96 216 96 227
97 216 97 227
98 216 98 227
99 216 99 227
100 216 100 227
102 216 102 227
103 216 103 227
104 216 104 227
105 216 105 227
106 216 106 227
107 216 107 227
108 216 108 227
110 216 110 227
111 216 111 227
112 216 112 227
113 216 113 227
114 216 114 227
115 216 115 227
116 216 116 227
117 216 117 227
118 216 118 227
119 216 119 227
120 216 120 227
121 216 121 227
122 216 122 227
123 216 123 227
124 216 124 227
125 216 125 227
126 216 126 227
127 216 127 227
128 216 128 227
129 216 129 227
130 216 130 227
131 216 131 227
132 216 132 227
133 216 133 227
134 216 134 227
135 216 135 227
136 216 136 227
137 216 137 227
138 216 138 227
140 216 140 227
141 216 141 227
142 216 142 227
143 216 143 227
144 216 144 227
145 216 145 227
146 216 146 227
148 216 148 227
149 216 149 227
150 216 150 227
151 216 151 227
152 216 152 227
153 216 153 227
154 216 154 227
155 216 155 227
156 216 156 227
157 216 157 227
158 216 158 227
160 216 160 227
162 216 162 227
163 216 163 227
164 216 164 227
165 216 165 227
166 216 166 227
167 216 167 227
168 216 168 227
169 216 169 227
171 216 171 227
172 216 172 227
174 216 174 227
175 216 175 227
176 216 176 227
177 216 177 227
178 216 178 227
179 216 179 227
180 216 180 227
181 216 181 227
182 216 182 227
183 216 183 227
184 216 184 227
185 216 185 227
187 216 187 227
188 216 188 227
189 216 189 227
190 216 190 227
191 216 191 227
192 216 192 227
193 216 193 227
195 216 195 227
196 216 196 227
197 216 197 227
198 216 198 227
199 216 199 227
0 228 0 239
1 228 1 239
2 228 2 239
3 228 3 239
4 228 4 239
5 228 5 239
6 228 6 239
7 228 7 239
9 228 9 239
10 228 10 239
11 228 11 239
12 228 12 239
13 228 13 239
14 228 14 239
15 228 15 239
17 228 17 239
18 228 18 239
19 228 19 239
20 228 20 239
21 228 21 239
22 228 22 239
23 228 23 239
24 228 24 239
25 228 25 239
26 228 26 239
27 228 27 239
28 228 28 239
29 228 29 239
30 228 30 239
31 228 31 239
32 228 32 239
33 228 33 239
34 228 34 239
35 228 35 239
36 228 36 239
37 228 37 239
38 228 38 239
39 228 39 239
40 228 40 239
41 228 41 239
42 228 42 239
44 228 44 239
45 228 45 239
46 228 46 239
47 228 47 239
48 228 48 239
49 228 49 239
50 228 50 239
51 228 51 239
53 228 53 239
54 228 54 239
57 228 57 239
58 228 58 239
59 228 59 239
60 228 60 239
62 228 62 239
63 228 63 239
65 228 65 239
66 228 66 239
67 228 67 239
69 228 69 239
72 228 72 239
73 228 73 239
74 228 74 239
75 228 75 239
76 228 76 239
77 228 77 239
78 228 78 239
79 228 79 239
80 228 80 239
82 228 82 239
83 228 83 239
85 228 85 239
86 228 86 239
87 228 87 239
88 228 88 239
89 228 89 239
90 228 90 239
91 228 91 239
93 228 93 239
94 228 94 239
95 228 95 239
96 228 96 239
97 228 97 239
98 228 98 239
100 228 100 239
101 228 101 239
102 228 102 239
103 228 103 239
104 228 104 239
105 228 105 239
106 228 106 239
107 228 107 239
109 228 109 239
111 228 111 239
112 228 112 239
113 228 113 239
115 228 115 239
116 228 116 239
117 228 117 239
119 228 119 239
120 228 120 239
121 228 121 239
123 228 123 239
124 228 124 239
125 228 125 239
127 228 127 239
129 228 129 239
130 228 130 239
133 228 133 239
134 228 134 239
135 228 135 239
137 228 137 239
138 228 138 239
139 228 139 239
140 228 140 239
141 228 141 239
142 228 142 239
145 228 145 239
146 228 146 239
147 228 147 239
148 228 148 239
149 228 149 239
151 228 151 239
153 228 153 239
154 228 154 239
156 228 156 239
158 228 158 239
161 228 161 239
163 228 163 239
164 228 164 239
165 228 165 239
167 228 167 239
168 228 168 239
169 228 169 239
170 228 170 239
171 228 171 239
172 228 172 239
173 228 173 239
175 228 175 239
176 228 176 239
177 228 177 239
178 228 178 239
179 228 179 239
180 228 180 239
181 228 181 239
183 228 183 239
184 228 184 239
185 228 185 239
186 228 186 239
187 228 187 239
188 228 188 239
189 228 189 239
191 228 191 239
192 228 192 239
193 228 193 239
194 228 194 239
195 228 195 239
196 228 196 239
197 228 197 239
198 228 198 239
199 228 199 239
0 240 0 250
2 240 2 250
4 240 4 250
5 240 5 250
6 240 6 250
7 240 7 250
10 240 10 250
11 240 11 250
13 240 13 250
15 240 15 250
18 240 18 250
19 240 19 250
22 240 22 250
23 240 23 250
24 240 24 250
29 240 29 250
30 240 30 250
31 240 31 250
34 240 34 250
35 240 35 250
36 240 36 250
38 240 38 250
39 240 39 250
40 240 40 250
43 240 43 250
44 240 44 250
46 240 46 250
49 240 49 250
51 240 51 250
53 240 53 250
55 240 55 250
56 240 56 250
57 240 57 250
59 240 59 250
60 240 60 250
62 240 62 250
63 240 63 250
64 240 64 250
65 240 65 250
66 240 66 250
67 240 67 250
69 240 69 250
70 240 70 250
72 240 72 250
73 240 73 250
76 240 76 250
78 240 78 250
79 240 79 250
80 240 80 250
81 240 81 250
83 240 83 250
84 240 84 250
85 240 85 250
86 240 86 250
87 240 87 250
88 240 88 250
89 240 89 250
91 240 91 250
94 240 94 250
95 240 95 250
96 240 96 250
98 240 98 250
99 240 99 250
100 240 100 250
101 240 101 250
102 240 102 250
103 240 103 250
104 240 104 250
105 240 105 250
106 240 106 250
107 240 107 250
108 240 108 250
110 240 110 250
111 240 111 250
112 240 112 250
115 240 115 250
117 240 117 250
118 240 118 250
119 240 119 250
120 240 120 250
121 240 121 250
122 240 122 250
124 240 124 250
126 240 126 250
127 240 127 250
128 240 128 250
130 240 130 250
133 240 133 250
135 240 135 250
138 240 138 250
140 240 140 250
141 240 141 250
142 240 142 250
143 240 143 250
144 240 144 250
145 240 145 250
146 240 146 250
148 240 148 250
149 240 149 250
152 240 152 250
153 240 153 250
154 240 154 250
155 240 155 250
156 240 156 250
157 240 157 250
158 240 158 250
159 240 159 250
160 240 160 250
162 240 162 250
163 240 163 250
164 240 164 250
166 240 166 250
167 240 167 250
168 240 168 250
170 240 170 250
171 240 171 250
173 240 173 250
174 240 174 250
175 240 175 250
176 240 176 250
177 240 177 250
178 240 178 250
179 240 179 250
180 240 180 250
181 240 181 250
182 240 182 250
183 240 183 250
184 240 184 250
185 240 185 250
186 240 186 250
187 240 187 250
188 240 188 250
189 240 189 250
193 240 193 250
195 240 195 250
197 240 197 250
198 240 198 250
